Build started 2017/1/12 11:07:06.
     1>Project "C:\Users\DuanPian\Documents\Visual Studio 2010\Projects\GameSnake\GameSnake\GameSnake.vcxproj" on node 2 (build target(s)).
     1>InitializeBuildStatus:
         Creating "Debug\GameSnake.unsuccessfulbuild" because "AlwaysCreate" was specified.
       ClCompile:
         D:\Program Files (x86)\VC\bin\CL.exe /c /ZI /nologo /W3 /WX- /Od /Oy- /D WIN32 /D _DEBUG /D _CONSOLE /D _UNICODE /D UNICODE /Gm /EHsc /RTC1 /MDd /GS /fp:precise /Zc:wchar_t /Zc:forScope /Fo"Debug\\" /Fd"Debug\vc100.pdb" /Gd /TC /analyze- /errorReport:prompt Game.c UI.c
         UI.c
     1>c:\users\duanpian\documents\visual studio 2010\projects\gamesnake\gamesnake\ui.c(72): warning C4996: 'getch': The POSIX name for this item is deprecated. Instead, use the ISO C++ conformant name: _getch. See online help for details.
                 d:\program files (x86)\vc\include\conio.h(128) : see declaration of 'getch'
     1>c:\users\duanpian\documents\visual studio 2010\projects\gamesnake\gamesnake\ui.c(88): warning C4047: 'function' : 'int' differs in levels of indirection from 'void *'
     1>c:\users\duanpian\documents\visual studio 2010\projects\gamesnake\gamesnake\ui.c(88): warning C4024: 'memset' : different types for formal and actual parameter 2
     1>c:\users\duanpian\documents\visual studio 2010\projects\gamesnake\gamesnake\ui.c(102): warning C4996: 'getch': The POSIX name for this item is deprecated. Instead, use the ISO C++ conformant name: _getch. See online help for details.
                 d:\program files (x86)\vc\include\conio.h(128) : see declaration of 'getch'
     1>c:\users\duanpian\documents\visual studio 2010\projects\gamesnake\gamesnake\ui.c(136): warning C4996: 'getch': The POSIX name for this item is deprecated. Instead, use the ISO C++ conformant name: _getch. See online help for details.
                 d:\program files (x86)\vc\include\conio.h(128) : see declaration of 'getch'
         Game.c
     1>c:\users\duanpian\documents\visual studio 2010\projects\gamesnake\gamesnake\game.c(34): warning C4047: 'function' : 'int' differs in levels of indirection from 'void *'
     1>c:\users\duanpian\documents\visual studio 2010\projects\gamesnake\gamesnake\game.c(34): warning C4024: 'memset' : different types for formal and actual parameter 2
     1>c:\users\duanpian\documents\visual studio 2010\projects\gamesnake\gamesnake\game.c(75): warning C4996: 'getch': The POSIX name for this item is deprecated. Instead, use the ISO C++ conformant name: _getch. See online help for details.
                 d:\program files (x86)\vc\include\conio.h(128) : see declaration of 'getch'
     1>c:\users\duanpian\documents\visual studio 2010\projects\gamesnake\gamesnake\game.c(86): warning C4996: 'strcpy': This function or variable may be unsafe. Consider using strcpy_s instead. To disable deprecation, use _CRT_SECURE_NO_WARNINGS. See online help for details.
                 d:\program files (x86)\vc\include\string.h(105) : see declaration of 'strcpy'
     1>c:\users\duanpian\documents\visual studio 2010\projects\gamesnake\gamesnake\game.c(92): warning C4996: 'gets': This function or variable may be unsafe. Consider using gets_s instead. To disable deprecation, use _CRT_SECURE_NO_WARNINGS. See online help for details.
                 d:\program files (x86)\vc\include\stdio.h(277) : see declaration of 'gets'
     1>c:\users\duanpian\documents\visual studio 2010\projects\gamesnake\gamesnake\game.c(210): warning C4996: 'kbhit': The POSIX name for this item is deprecated. Instead, use the ISO C++ conformant name: _kbhit. See online help for details.
                 d:\program files (x86)\vc\include\conio.h(130) : see declaration of 'kbhit'
     1>c:\users\duanpian\documents\visual studio 2010\projects\gamesnake\gamesnake\game.c(212): warning C4996: 'getch': The POSIX name for this item is deprecated. Instead, use the ISO C++ conformant name: _getch. See online help for details.
                 d:\program files (x86)\vc\include\conio.h(128) : see declaration of 'getch'
         Generating Code...
       ManifestResourceCompile:
         All outputs are up-to-date.
       Link:
         D:\Program Files (x86)\VC\bin\link.exe /ERRORREPORT:PROMPT /OUT:"C:\Users\DuanPian\Documents\Visual Studio 2010\Projects\GameSnake\Debug\GameSnake.exe" /INCREMENTAL /NOLOGO kernel32.lib user32.lib gdi32.lib winspool.lib comdlg32.lib advapi32.lib shell32.lib ole32.lib oleaut32.lib uuid.lib odbc32.lib odbccp32.lib /MANIFEST /ManifestFile:"Debug\GameSnake.exe.intermediate.manifest" /MANIFESTUAC:"level='asInvoker' uiAccess='false'" /DEBUG /PDB:"C:\Users\DuanPian\Documents\Visual Studio 2010\Projects\GameSnake\Debug\GameSnake.pdb" /SUBSYSTEM:CONSOLE /TLBID:1 /DYNAMICBASE /NXCOMPAT /IMPLIB:"C:\Users\DuanPian\Documents\Visual Studio 2010\Projects\GameSnake\Debug\GameSnake.lib" /MACHINE:X86 Debug\GameSnake.exe.embed.manifest.res
         Debug\Game.obj
         Debug\main.obj
         Debug\Rank.obj
         Debug\UI.obj
       Manifest:
         C:\Program Files (x86)\Microsoft SDKs\Windows\v7.0A\bin\mt.exe /nologo /verbose /out:"Debug\GameSnake.exe.embed.manifest" /manifest Debug\GameSnake.exe.intermediate.manifest
         All outputs are up-to-date.
       LinkEmbedManifest:
         All outputs are up-to-date.
         GameSnake.vcxproj -> C:\Users\DuanPian\Documents\Visual Studio 2010\Projects\GameSnake\Debug\GameSnake.exe
       FinalizeBuildStatus:
         Deleting file "Debug\GameSnake.unsuccessfulbuild".
         Touching "Debug\GameSnake.lastbuildstate".
     1>Done Building Project "C:\Users\DuanPian\Documents\Visual Studio 2010\Projects\GameSnake\GameSnake\GameSnake.vcxproj" (build target(s)).

Build succeeded.

Time Elapsed 00:00:01.73
